{"uid":"b1786b014b7f35d0","name":"Test Case 2 : Store Dropdown Menu Visibility","fullName":"Store_Reviews.Store.test_store.TestStore#test_store_dropdown_menu_visibility","historyId":"f0eb44394fd5654d2c0ad53837a164d8","time":{"start":1689239680689,"stop":1689239694853,"duration":14164},"descriptionHtml":"\n    <br><b>Test Case Description:</b>\n    <br><br>Validate that once we mouse overing to the stores module in the home page all the dropdown options are opening or not?\n    \n    <br><br><b>Expeceted Results:</b>\n    <br><br>All the dropdown options should show once we mouse hovering to stores module in the home page.\n    \n    ","status":"failed","statusMessage":"AssertionError: assert False","statusTrace":"self = <test_store.TestStore object at 0x7fe0118f19f0>\n\n    @allure.title(\"Test Case 2 : Store Dropdown Menu Visibility\")\n    @allure.description_html(\"\"\"\n    <br><b>Test Case Description:</b>\n    <br><br>Validate that once we mouse overing to the stores module in the home page all the dropdown options are opening or not?\n    \n    <br><br><b>Expeceted Results:</b>\n    <br><br>All the dropdown options should show once we mouse hovering to stores module in the home page.\n    \n    \"\"\")\n    def test_store_dropdown_menu_visibility(self):\n        TestStore.storeObj = Store(self.driver,self.wait)\n        try:\n>           assert TestStore.storeObj.check_visibility_of_store_dropdown()\n\nTests/Store_Reviews/Store/test_store.py:44: \n_ _ _ _ _ _ _ _ _ _ _ _ _ _ _ _ _ _ _ _ _ _ _ _ _ _ _ _ _ _ _ _ _ _ _ _ _ _ _ _ _ _ _ _ _ _ _ _ _ _ _ _ _ _ _ _ _ _ _ _ _ _ _ _ _ _ _ _ \nPages/Store_Reviews/Store/Store.py:42: in check_visibility_of_store_dropdown\n    dropdownElement = self.get_text_from_element_only(StoreElements.store_dropdown)\nPages/BasePage.py:157: in get_text_from_element_only\n    element = self.wait.until(EC.visibility_of_element_located(by_locator))\n_ _ _ _ _ _ _ _ _ _ _ _ _ _ _ _ _ _ _ _ _ _ _ _ _ _ _ _ _ _ _ _ _ _ _ _ _ _ _ _ _ _ _ _ _ _ _ _ _ _ _ _ _ _ _ _ _ _ _ _ _ _ _ _ _ _ _ _ \n\nself = <selenium.webdriver.support.wait.WebDriverWait (session=\"9bb74ca8137e8131a86571ff2fb1cb44\")>\nmethod = <function visibility_of_element_located.<locals>._predicate at 0x7fe011935120>, message = ''\n\n    def until(self, method, message: str = \"\"):\n        \"\"\"Calls the method provided with the driver as an argument until the \\\n        return value does not evaluate to ``False``.\n    \n        :param method: callable(WebDriver)\n        :param message: optional message for :exc:`TimeoutException`\n        :returns: the result of the last call to `method`\n        :raises: :exc:`selenium.common.exceptions.TimeoutException` if timeout occurs\n        \"\"\"\n        screen = None\n        stacktrace = None\n    \n        end_time = time.monotonic() + self._timeout\n        while True:\n            try:\n                value = method(self._driver)\n                if value:\n                    return value\n            except self._ignored_exceptions as exc:\n                screen = getattr(exc, \"screen\", None)\n                stacktrace = getattr(exc, \"stacktrace\", None)\n            time.sleep(self._poll)\n            if time.monotonic() > end_time:\n                break\n>       raise TimeoutException(message, screen, stacktrace)\nE       selenium.common.exceptions.TimeoutException: Message:\n\n/usr/local/lib/python3.10/dist-packages/selenium/webdriver/support/wait.py:95: TimeoutException\n\nDuring handling of the above exception, another exception occurred:\n\nself = <test_store.TestStore object at 0x7fe0118f19f0>\n\n    @allure.title(\"Test Case 2 : Store Dropdown Menu Visibility\")\n    @allure.description_html(\"\"\"\n    <br><b>Test Case Description:</b>\n    <br><br>Validate that once we mouse overing to the stores module in the home page all the dropdown options are opening or not?\n    \n    <br><br><b>Expeceted Results:</b>\n    <br><br>All the dropdown options should show once we mouse hovering to stores module in the home page.\n    \n    \"\"\")\n    def test_store_dropdown_menu_visibility(self):\n        TestStore.storeObj = Store(self.driver,self.wait)\n        try:\n            assert TestStore.storeObj.check_visibility_of_store_dropdown()\n        except:\n            allure.attach(TestStore.storeObj.driver.get_screenshot_as_png(),name=\"Store Dropdown Menu Visibility Error\", attachment_type= allure.attachment_type.PNG)\n            with allure.step(\"Store Dropdown Menu  Visibility Is Failed\"):\n>               assert False\nE               assert False\n\nTests/Store_Reviews/Store/test_store.py:48: AssertionError","flaky":false,"newFailed":false,"newBroken":false,"newPassed":false,"retriesCount":0,"retriesStatusChange":false,"beforeStages":[{"name":"init_driver","time":{"start":1689239656373,"stop":1689239657974,"duration":1601},"status":"passed","steps":[],"attachments":[],"parameters":[],"stepsCount":0,"attachmentsCount":0,"shouldDisplayMessage":false,"hasContent":false}],"testStage":{"descriptionHtml":"\n    <br><b>Test Case Description:</b>\n    <br><br>Validate that once we mouse overing to the stores module in the home page all the dropdown options are opening or not?\n    \n    <br><br><b>Expeceted Results:</b>\n    <br><br>All the dropdown options should show once we mouse hovering to stores module in the home page.\n    \n    ","status":"failed","statusMessage":"AssertionError: assert False","statusTrace":"self = <test_store.TestStore object at 0x7fe0118f19f0>\n\n    @allure.title(\"Test Case 2 : Store Dropdown Menu Visibility\")\n    @allure.description_html(\"\"\"\n    <br><b>Test Case Description:</b>\n    <br><br>Validate that once we mouse overing to the stores module in the home page all the dropdown options are opening or not?\n    \n    <br><br><b>Expeceted Results:</b>\n    <br><br>All the dropdown options should show once we mouse hovering to stores module in the home page.\n    \n    \"\"\")\n    def test_store_dropdown_menu_visibility(self):\n        TestStore.storeObj = Store(self.driver,self.wait)\n        try:\n>           assert TestStore.storeObj.check_visibility_of_store_dropdown()\n\nTests/Store_Reviews/Store/test_store.py:44: \n_ _ _ _ _ _ _ _ _ _ _ _ _ _ _ _ _ _ _ _ _ _ _ _ _ _ _ _ _ _ _ _ _ _ _ _ _ _ _ _ _ _ _ _ _ _ _ _ _ _ _ _ _ _ _ _ _ _ _ _ _ _ _ _ _ _ _ _ \nPages/Store_Reviews/Store/Store.py:42: in check_visibility_of_store_dropdown\n    dropdownElement = self.get_text_from_element_only(StoreElements.store_dropdown)\nPages/BasePage.py:157: in get_text_from_element_only\n    element = self.wait.until(EC.visibility_of_element_located(by_locator))\n_ _ _ _ _ _ _ _ _ _ _ _ _ _ _ _ _ _ _ _ _ _ _ _ _ _ _ _ _ _ _ _ _ _ _ _ _ _ _ _ _ _ _ _ _ _ _ _ _ _ _ _ _ _ _ _ _ _ _ _ _ _ _ _ _ _ _ _ \n\nself = <selenium.webdriver.support.wait.WebDriverWait (session=\"9bb74ca8137e8131a86571ff2fb1cb44\")>\nmethod = <function visibility_of_element_located.<locals>._predicate at 0x7fe011935120>, message = ''\n\n    def until(self, method, message: str = \"\"):\n        \"\"\"Calls the method provided with the driver as an argument until the \\\n        return value does not evaluate to ``False``.\n    \n        :param method: callable(WebDriver)\n        :param message: optional message for :exc:`TimeoutException`\n        :returns: the result of the last call to `method`\n        :raises: :exc:`selenium.common.exceptions.TimeoutException` if timeout occurs\n        \"\"\"\n        screen = None\n        stacktrace = None\n    \n        end_time = time.monotonic() + self._timeout\n        while True:\n            try:\n                value = method(self._driver)\n                if value:\n                    return value\n            except self._ignored_exceptions as exc:\n                screen = getattr(exc, \"screen\", None)\n                stacktrace = getattr(exc, \"stacktrace\", None)\n            time.sleep(self._poll)\n            if time.monotonic() > end_time:\n                break\n>       raise TimeoutException(message, screen, stacktrace)\nE       selenium.common.exceptions.TimeoutException: Message:\n\n/usr/local/lib/python3.10/dist-packages/selenium/webdriver/support/wait.py:95: TimeoutException\n\nDuring handling of the above exception, another exception occurred:\n\nself = <test_store.TestStore object at 0x7fe0118f19f0>\n\n    @allure.title(\"Test Case 2 : Store Dropdown Menu Visibility\")\n    @allure.description_html(\"\"\"\n    <br><b>Test Case Description:</b>\n    <br><br>Validate that once we mouse overing to the stores module in the home page all the dropdown options are opening or not?\n    \n    <br><br><b>Expeceted Results:</b>\n    <br><br>All the dropdown options should show once we mouse hovering to stores module in the home page.\n    \n    \"\"\")\n    def test_store_dropdown_menu_visibility(self):\n        TestStore.storeObj = Store(self.driver,self.wait)\n        try:\n            assert TestStore.storeObj.check_visibility_of_store_dropdown()\n        except:\n            allure.attach(TestStore.storeObj.driver.get_screenshot_as_png(),name=\"Store Dropdown Menu Visibility Error\", attachment_type= allure.attachment_type.PNG)\n            with allure.step(\"Store Dropdown Menu  Visibility Is Failed\"):\n>               assert False\nE               assert False\n\nTests/Store_Reviews/Store/test_store.py:48: AssertionError","steps":[{"name":"Initialiazing the webdriver","time":{"start":1689239680689,"stop":1689239680689,"duration":0},"status":"passed","steps":[],"attachments":[],"parameters":[{"name":"driver","value":"<undetected_chromedriver.Chrome (session=\"9bb74ca8137e8131a86571ff2fb1cb44\")>"},{"name":"wait","value":"<selenium.webdriver.support.wait.WebDriverWait (session=\"9bb74ca8137e8131a86571ff2fb1cb44\")>"}],"stepsCount":0,"attachmentsCount":0,"shouldDisplayMessage":false,"hasContent":true},{"name":"Opening Base Url","time":{"start":1689239680689,"stop":1689239683936,"duration":3247},"status":"passed","steps":[],"attachments":[],"parameters":[],"stepsCount":0,"attachmentsCount":0,"shouldDisplayMessage":false,"hasContent":false},{"name":"Moving the cursor to the store","time":{"start":1689239683936,"stop":1689239684228,"duration":292},"status":"passed","steps":[{"name":"Move Cursor To The Element","time":{"start":1689239683936,"stop":1689239684228,"duration":292},"status":"passed","steps":[],"attachments":[],"parameters":[{"name":"by_locator","value":"('xpath', \"(//span[@class='menu-text'][normalize-space()='Store'])[1]\")"}],"stepsCount":0,"attachmentsCount":0,"shouldDisplayMessage":false,"hasContent":true}],"attachments":[],"parameters":[],"stepsCount":1,"attachmentsCount":0,"shouldDisplayMessage":false,"hasContent":true},{"name":"Checking Dropdown Menu","time":{"start":1689239684228,"stop":1689239694339,"duration":10111},"status":"broken","statusMessage":"selenium.common.exceptions.TimeoutException: Message: \n\n","statusTrace":"  File \"/home/kishorekumarmahto/my_backup/Testing/Dr._Garcia_Biomagnetism_website/Pages/Store_Reviews/Store/Store.py\", line 42, in check_visibility_of_store_dropdown\n    dropdownElement = self.get_text_from_element_only(StoreElements.store_dropdown)\n  File \"/home/kishorekumarmahto/.local/lib/python3.10/site-packages/allure_commons/_allure.py\", line 192, in impl\n    return func(*a, **kw)\n  File \"/home/kishorekumarmahto/my_backup/Testing/Dr._Garcia_Biomagnetism_website/Pages/BasePage.py\", line 157, in get_text_from_element_only\n    element = self.wait.until(EC.visibility_of_element_located(by_locator))\n  File \"/usr/local/lib/python3.10/dist-packages/selenium/webdriver/support/wait.py\", line 95, in until\n    raise TimeoutException(message, screen, stacktrace)\n","steps":[{"name":"Taking Text from element","time":{"start":1689239684228,"stop":1689239694338,"duration":10110},"status":"broken","statusMessage":"selenium.common.exceptions.TimeoutException: Message: \n\n","statusTrace":"  File \"/home/kishorekumarmahto/.local/lib/python3.10/site-packages/allure_commons/_allure.py\", line 192, in impl\n    return func(*a, **kw)\n  File \"/home/kishorekumarmahto/my_backup/Testing/Dr._Garcia_Biomagnetism_website/Pages/BasePage.py\", line 157, in get_text_from_element_only\n    element = self.wait.until(EC.visibility_of_element_located(by_locator))\n  File \"/usr/local/lib/python3.10/dist-packages/selenium/webdriver/support/wait.py\", line 95, in until\n    raise TimeoutException(message, screen, stacktrace)\n","steps":[],"attachments":[],"parameters":[{"name":"by_locator","value":"('xpath', \"(//ul[@class='sub-menu'])[5]\")"}],"stepsCount":0,"attachmentsCount":0,"shouldDisplayMessage":true,"hasContent":true}],"attachments":[],"parameters":[],"stepsCount":1,"attachmentsCount":0,"shouldDisplayMessage":false,"hasContent":true},{"name":"Store Dropdown Menu  Visibility Is Failed","time":{"start":1689239694853,"stop":1689239694853,"duration":0},"status":"failed","statusMessage":"AssertionError: assert False\n","statusTrace":"  File \"/home/kishorekumarmahto/my_backup/Testing/Dr._Garcia_Biomagnetism_website/Tests/Store_Reviews/Store/test_store.py\", line 48, in test_store_dropdown_menu_visibility\n    assert False\n","steps":[],"attachments":[],"parameters":[],"stepsCount":0,"attachmentsCount":0,"shouldDisplayMessage":true,"hasContent":true}],"attachments":[{"uid":"9378a6f0b5208351","name":"Store Dropdown Menu Visibility Error","source":"9378a6f0b5208351.png","type":"image/png","size":1283912}],"parameters":[],"stepsCount":7,"attachmentsCount":1,"shouldDisplayMessage":true,"hasContent":true},"afterStages":[{"name":"init_driver::0","time":{"start":1689239792833,"stop":1689239792888,"duration":55},"status":"passed","steps":[],"attachments":[],"parameters":[],"stepsCount":0,"attachmentsCount":0,"shouldDisplayMessage":false,"hasContent":false}],"labels":[{"name":"tag","value":"@pytest.mark.usefixtures('init_driver')"},{"name":"parentSuite","value":"Store_Reviews.Store"},{"name":"suite","value":"test_store"},{"name":"subSuite","value":"TestStore"},{"name":"host","value":"isadmin"},{"name":"thread","value":"25643-MainThread"},{"name":"framework","value":"pytest"},{"name":"language","value":"cpython3"},{"name":"package","value":"Store_Reviews.Store.test_store"},{"name":"resultFormat","value":"allure2"}],"parameters":[],"links":[],"hidden":true,"retry":true,"extra":{"categories":[],"tags":["@pytest.mark.usefixtures('init_driver')"]},"source":"b1786b014b7f35d0.json","parameterValues":[]}